{"level":"info","message":"Loading Mongoose functionality","timestamp":"2017-12-12T00:01:33.585Z"}
{"level":"info","message":"Starting application","timestamp":"2017-12-12T00:01:33.779Z"}
{"level":"info","message":"HTTP Server listening on port: 5000, in development mode","timestamp":"2017-12-12T00:01:33.791Z"}
{"level":"info","message":"Mongoose connected to the database","timestamp":"2017-12-12T00:01:33.829Z"}
{"level":"info","message":"Loading Mongoose functionality","timestamp":"2017-12-12T00:02:53.599Z"}
{"level":"info","message":"Starting application","timestamp":"2017-12-12T00:02:54.393Z"}
{"level":"info","message":"HTTP Server listening on port: 5000, in development mode","timestamp":"2017-12-12T00:02:54.411Z"}
{"level":"info","message":"Mongoose connected to the database","timestamp":"2017-12-12T00:02:54.459Z"}
{"level":"info","message":"Loading Mongoose functionality","timestamp":"2017-12-12T00:03:00.528Z"}
{"level":"info","message":"Starting application","timestamp":"2017-12-12T00:03:00.726Z"}
{"level":"info","message":"HTTP Server listening on port: 5000, in development mode","timestamp":"2017-12-12T00:03:00.745Z"}
{"level":"info","message":"Mongoose connected to the database","timestamp":"2017-12-12T00:03:00.796Z"}
{"level":"info","message":"Loading Mongoose functionality","timestamp":"2017-12-12T00:04:55.602Z"}
{"level":"info","message":"Starting application","timestamp":"2017-12-12T00:04:56.385Z"}
{"level":"info","message":"HTTP Server listening on port: 5000, in development mode","timestamp":"2017-12-12T00:04:56.402Z"}
{"level":"info","message":"Mongoose connected to the database","timestamp":"2017-12-12T00:04:56.445Z"}
{"level":"info","message":"Loading Mongoose functionality","timestamp":"2017-12-12T00:05:41.965Z"}
{"level":"info","message":"Starting application","timestamp":"2017-12-12T00:05:42.481Z"}
{"level":"info","message":"HTTP Server listening on port: 5000, in development mode","timestamp":"2017-12-12T00:05:42.496Z"}
{"level":"info","message":"Mongoose connected to the database","timestamp":"2017-12-12T00:05:42.530Z"}
{"level":"info","message":"Loading Mongoose functionality","timestamp":"2017-12-12T00:06:18.180Z"}
{"level":"info","message":"Starting application","timestamp":"2017-12-12T00:06:18.372Z"}
{"level":"info","message":"HTTP Server listening on port: 5000, in development mode","timestamp":"2017-12-12T00:06:18.385Z"}
{"level":"info","message":"Mongoose connected to the database","timestamp":"2017-12-12T00:06:18.426Z"}
{"level":"info","message":"Request from ::1","timestamp":"2017-12-12T00:08:35.960Z"}
{"level":"info","message":"Request from ::1","timestamp":"2017-12-12T00:53:57.474Z"}
{"level":"verbose","message":"Create user","timestamp":"2017-12-12T00:53:57.523Z"}
{"level":"info","message":"Request from ::1","timestamp":"2017-12-12T00:54:03.158Z"}
{"level":"info","message":"Request from ::1","timestamp":"2017-12-12T00:54:03.348Z"}
{"level":"info","message":"Request from ::1","timestamp":"2017-12-12T00:54:06.939Z"}
{"level":"info","message":"Request from ::1","timestamp":"2017-12-12T00:54:08.202Z"}
{"level":"info","message":"Request from ::1","timestamp":"2017-12-12T00:54:09.249Z"}
{"level":"info","message":"Request from ::1","timestamp":"2017-12-12T00:54:13.585Z"}
{"level":"info","message":"Request from ::1","timestamp":"2017-12-12T00:54:13.741Z"}
{"level":"info","message":"Request from ::1","timestamp":"2017-12-12T00:54:22.707Z"}
{"level":"info","message":"Request from ::1","timestamp":"2017-12-12T00:54:42.520Z"}
{"level":"info","message":"Request from ::1","timestamp":"2017-12-12T00:54:45.822Z"}
{"level":"info","message":"Request from ::1","timestamp":"2017-12-12T00:54:56.494Z"}
{"level":"info","message":"Request from ::1","timestamp":"2017-12-12T00:54:56.653Z"}
{"level":"info","message":"Request from ::1","timestamp":"2017-12-12T00:59:50.782Z"}
{"level":"info","message":"Request from ::1","timestamp":"2017-12-12T01:00:07.608Z"}
{"level":"info","message":"Request from ::1","timestamp":"2017-12-12T01:00:18.213Z"}
{"level":"info","message":"Request from ::1","timestamp":"2017-12-12T01:00:50.758Z"}
{"level":"info","message":"Request from ::1","timestamp":"2017-12-12T01:02:29.720Z"}
{"level":"info","message":"Request from ::1","timestamp":"2017-12-12T01:02:36.394Z"}
{"level":"info","message":"Request from ::1","timestamp":"2017-12-12T01:13:48.329Z"}
{"level":"info","message":"Request from ::1","timestamp":"2017-12-12T01:16:09.728Z"}
{"level":"info","message":"Request from ::1","timestamp":"2017-12-12T01:33:56.038Z"}
{"level":"info","message":"Request from ::1","timestamp":"2017-12-12T01:33:56.189Z"}
{"level":"verbose","message":"Get Gallery for a user","timestamp":"2017-12-12T01:33:56.190Z"}
{"level":"info","message":"Request from ::1","timestamp":"2017-12-12T01:34:48.387Z"}
{"level":"verbose","message":"Create a Gallery","timestamp":"2017-12-12T01:34:48.388Z"}
{"level":"info","message":"Request from ::1","timestamp":"2017-12-12T01:34:54.636Z"}
{"level":"verbose","message":"Get user5a2f3238ac866110f8886a23","timestamp":"2017-12-12T01:34:54.637Z"}
{"level":"info","message":"Request from ::1","timestamp":"2017-12-12T01:35:42.399Z"}
{"level":"verbose","message":"Create a photo","timestamp":"2017-12-12T01:35:42.400Z"}
{"level":"info","message":"Request from ::1","timestamp":"2017-12-12T01:35:42.501Z"}
{"level":"info","message":"Request from ::1","timestamp":"2017-12-12T01:35:42.515Z"}
{"level":"verbose","message":"Upload file for my gallery 5a2f326eac866110f8886a24 and 5a2f28a5ac866110f8886a22","timestamp":"2017-12-12T01:35:42.528Z"}
{"level":"error","message":"ReferenceError: todo is not defined\n    at mygallery.save.then.mygallery (/Users/jackson/Desktop/mypics/server/app/controllers/gallery.js:194:42)\n    at runCallback (timers.js:672:20)\n    at tryOnImmediate (timers.js:645:5)\n    at processImmediate [as _immediateCallback] (timers.js:617:5)\nFrom previous event:\n    at /Users/jackson/Desktop/mypics/server/app/controllers/gallery.js:193:22\n    at Query.<anonymous> (/Users/jackson/Desktop/mypics/server/node_modules/mongoose/lib/model.js:3919:16)\n    at /Users/jackson/Desktop/mypics/server/node_modules/kareem/index.js:273:21\n    at /Users/jackson/Desktop/mypics/server/node_modules/kareem/index.js:131:16\n    at _combinedTickCallback (internal/process/next_tick.js:73:7)\n    at process._tickCallback (internal/process/next_tick.js:104:9)","timestamp":"2017-12-12T01:35:42.542Z"}
{"level":"info","message":"Request from ::1","timestamp":"2017-12-12T01:35:55.716Z"}
{"level":"verbose","message":"Get user5a2f3238ac866110f8886a23","timestamp":"2017-12-12T01:35:55.717Z"}
{"level":"info","message":"Request from ::1","timestamp":"2017-12-12T01:35:55.730Z"}
{"level":"info","message":"Request from ::1","timestamp":"2017-12-12T01:36:22.612Z"}
{"level":"info","message":"Request from ::1","timestamp":"2017-12-12T01:36:22.765Z"}
{"level":"verbose","message":"Get Gallery for a user","timestamp":"2017-12-12T01:36:22.766Z"}
{"level":"info","message":"Request from ::1","timestamp":"2017-12-12T01:36:22.804Z"}
{"level":"info","message":"Request from ::1","timestamp":"2017-12-12T01:37:36.066Z"}
{"level":"info","message":"Request from ::1","timestamp":"2017-12-12T01:37:36.204Z"}
{"level":"verbose","message":"Get Gallery for a user","timestamp":"2017-12-12T01:37:36.205Z"}
{"level":"info","message":"Request from ::1","timestamp":"2017-12-12T01:37:36.237Z"}
{"level":"info","message":"Request from ::1","timestamp":"2017-12-12T01:37:38.590Z"}
{"level":"verbose","message":"Get user5a2f3238ac866110f8886a23","timestamp":"2017-12-12T01:37:38.591Z"}
{"level":"info","message":"Request from ::1","timestamp":"2017-12-12T01:37:54.923Z"}
{"level":"verbose","message":"Delete gallery with id mygalleryid5a2f326eac866110f8886a24","timestamp":"2017-12-12T01:37:54.924Z"}
